13-250-40-134.ap-southeast-1.compute.amazonaws.com
1x-sport-bk7.com
52-53-186-250.us-west-1.compute.amazonaws.com
720kinogo.net
777-10.xn--p1ai
8torrent.net
agentdosug.ru
alcoclub24.com
alcolighter27.su
allklad.ru
amfetamin-spb.cf
baltplay5.com
beseksy.ru
bigklad.ru
bk-fon-in-sport.ru
bk-fonsport.ru
brirdodh.com
brolegalno.ru
casino-sv.com
chechenukr.com.ua
clitmedia.com
dawla-news.com
devonkigud.ru
diplom-guru.ru
diplom-kursk.com
diplom-voronezh.com
diploma-krsk.ru
doogma.ru
dostavka-night.ru
dosug.pm
dpl-kazan.ru
dplom2u.com
ec2-34-203-212-15.eu-central-1.compute.amazonaws.com
ec2-54-165-90-185.eu-central-1.compute.amazonaws.com
ec2-54-95-131-35.eu-west-1.compute.amazonaws.com
fbmetrix-218c5.tk
fon-bet-z.ru
fon-betsport.com
fon-betting.ru
fon-zerkalo.ru
fonbet-1d359.tk
fonbet-249ca.tk
fonbet-a021e.tk
fonbet-club.ru
fonbet-dostup.su
fonbet-forever.cf
fonbet-sport.com
fonbetting-zerkalo.ru
fongametime.net
fongametime.org
foninbet.org
foninfosport.info
foninsport.org
fonsport-bet.com
fonsport.pro
fonsportgame.com
foreignlottery.ru
formaspravki.net
fvkiocmloi.com
gameinfon.com
genri-obnimonstr.ru
geo-vino.ru
ginonet.net
glocsales.com
glyki.biz
gold-rain.net
goldvoyagerslot.com
goodlegal.ru
grandcasinoru.com
growerzshop.org
habarovsk-diplom.com
herbal-spice-666.co.uk
hitmuzika.ru
hollandseeds.org.ua
holzblock.ru
imgradus.ru
islamdin.net
islamic-world.ru
jwh-status.com
k-diplom.ru
kazandip.ru
kazino-devushki.ru
kazrc.cc
kem-diplom-at.ru
kep24x7.biz
khabarovsk-diplom.ru
kinobomz.tv
kinofestival.net
kinogo-film.ru
kinogotv.ru
kinokrad.me
kinokrada-net.ru
kinoprofi-tv.org
kkray.org.ua
kladonline.me
kras-diplom.ru
krasdiploma.ru
kupit-diploms.net
kupit-prodiplom.com
kupitdiplomsk.com
lavanda-casino.com
lcvs.ru
legalka-zdes.ru
legalnobro.ru
legalnoklad.ru
legalrs.ru
lhjo.ru
lifefilm.info
liveclips.org.ua
lux-samara.com
magnitdom.com
marusin.com.ua
miraxanet.com
multi-gaminator1.com
newsmma.ru
nnikolaevsk.ru
nskrelax.com
olimp137c.com
olimp9911.com
pervy-kanal-pryamoy.ru
pharmamart.ru
picksgrail.ru
pivo-sushi-ryazan.ru
plnjhvtkj.com
poiun3m.com
porno-2016.ru
pornoroliki.tv
pornoteka.xxx
prava-service.com
prava-servis.ru
prava-voditelskie.ru
prava177.com
pravadriver.com
pravarus.biz
pravarus.org
pravarus.pro
pravax.bz
pravo-na-prava.ru
principiel.ru
pro100diplom.com
pro24.biz
proper-poker.ru
prostitutki-habarovska.net
prostitutki-kazani.info
prostitutki-krasnodara.net
prostitutki-p.com
prostitutki-ru.ru
prostitutki-salon.ru
ps-obl.kiev.ua
pscorp.ru
qasxler.com
quickmkts.com
rabota77wow.ru
rabota7wow.ru
rcbig.biz
realklad.ru
reperok.ru
rights.kiev.ua
rightsector.dp.ua
roburcloud.ru
roomsoft.ru
rumafia.com
sam0kat.ru
samarasex4.com
serialhit.tv
servis163.ru
sex-dosug.me
sexrost.ru
sf1857.com
sffs987.com
slotmachine24.ru
slotsvo.com
slotvoyagercasino.net
sport-in-fon.org
sportinfon.org
spravka-s-dostavkoi.ru
stavki-zerkalo3.ru
tara4musor.ru
tj-maxx.ru
topbet24.su
tropvt.com
tvoirc.ru
tyhrfocvj.com
uikjmnt.com
ultraprava.ru
vizovsantehnika.ru
xn-----6kccajf8bmefc5agb4bqs3dxh.xn--p1ai
xn----7sbenjtdf1aq.xn--p1ai
xn----8sbaf6akwzik9a.com
xn----8sbkihgdj4adh.xn--p1ai
xn----btbkn5abcgcdby.xn--p1ai
xn---1-6kcgqeizk4as6azb.xn--p1ai
xn---2---43danu1bngkyumdp8aqq9o.xn--p1ai
xn---911-43df1aa2a0az3ii.xn--p1ai
xn--1-7sbliggei4aeg.xn--p1ai
xn--1-btbmjaqp8bya2h.xn--p1ai
xn--14-6kcm8afcwb5l.xn--p1ai
xn--2010-43dan8dj2ab9b1e.xn--p1ai
xn--2017-93d0e.xn--p1ai
xn--64-6kchjbzbbcvlt3g.xn--p1ai
xn--64-vlcajwgikkbam.xn--p1ai
xn--76-8kcaef8fsao.xn--p1ai
xn--80aa1aceto.xn--p1ai
xn--80aaafbberyskugqe0a3bdc3oi.com
xn--80aaahntomcbkn3bh2a.xn--p1ai
xn--80aaaorddnihsms.xn--p1ai
xn--80aaarjehlci1amq.xn--p1ai
xn--80aaclvjddd1a4cg.xn--p1ai
xn--80aaezitwhj6a.xn--p1ai
xn--80aafg6aba0a1afffm0o.xn--p1ai
xn--80aafzjw1ab0c.xn--p1ai
xn--80aahcs4a.xn--p1ai
xn--80aano6ahdghc.net
xn--80aawaklf2anf.xn--p1ai
xn--80aayandjcfs9b8i.xn--p1ai
xn--80aaygethz.xn--p1ai
xn--80addhnc6a2agk.xn--p1ai
xn--80afoajwgiegdibafjec.xn--p1ai
xn--80ageorijpq8a.xn--p1ai
xn--80agpnhchojh.xn--p1ai
xn--80aodfsbfcz.xn--p1ai
xn--96-9kc4bp2ao.xn--p1ai
xn--b1afpccrbnr0i.xn--p1ai
xn--d1acacv1c4b.xn--p1ai
xn--d1accr3byb8a.xn--p1ai
xn--d1amgec1ae1e.xn--p1ai
xn--j1acieqe8dc.xn--p1ai
yabeda.org
zerkalo-fonbet.ru
zerkalo-rutor.su
zerkalo888.ru
